0 info it worked if it ends with ok
1 verbose cli [ '/usr/bin/nodejs', '/usr/bin/npm', 'init', '--save' ]
2 info using npm@1.4.21
3 info using node@v0.10.29
4 silly package data undefined
5 info init written successfully
6 error Error: Invalid name: "Spidy Linux"
6 error     at ensureValidName (/usr/lib/nodejs/normalize-package-data/lib/fixer.js:284:15)
6 error     at Object.module.exports.fixNameField (/usr/lib/nodejs/normalize-package-data/lib/fixer.js:199:5)
6 error     at /usr/lib/nodejs/normalize-package-data/lib/normalize.js:29:38
6 error     at Array.forEach (native)
6 error     at normalize (/usr/lib/nodejs/normalize-package-data/lib/normalize.js:28:15)
6 error     at final (/usr/lib/nodejs/read-package-json/read-json.js:342:33)
6 error     at then (/usr/lib/nodejs/read-package-json/read-json.js:126:33)
6 error     at gypfile_ (/usr/lib/nodejs/read-package-json/read-json.js:158:43)
6 error     at /usr/lib/nodejs/read-package-json/read-json.js:153:33
6 error     at /usr/lib/nodejs/once.js:17:15
7 error If you need help, you may report this *entire* log,
7 error including the npm and node versions, at:
7 error     <http://github.com/npm/npm/issues>
8 error System Linux 4.2.0-23-generic
9 error command "/usr/bin/nodejs" "/usr/bin/npm" "init" "--save"
10 error cwd /home/anup/Desktop/SpidyChatApp
11 error node -v v0.10.29
12 error npm -v 1.4.21
13 verbose exit [ 1, true ]
